########### array before sorts ###########
0	5.000000	45.000000	15.000000	50.000000	n
1	0.000000	35.000000	5.000000	45.000000	n
2	0.000000	15.000000	0.000000	35.000000	n
3	5.000000	5.000000	0.000000	15.000000	n
4	15.000000	0.000000	5.000000	5.000000	n
5	35.000000	0.000000	15.000000	0.000000	n
6	45.000000	5.000000	35.000000	0.000000	n
7	50.000000	15.000000	45.000000	5.000000	n
8	50.000000	35.000000	50.000000	15.000000	n
9	45.000000	45.000000	50.000000	35.000000	n
10	35.000000	50.000000	45.000000	45.000000	n
11	15.000000	50.000000	35.000000	50.000000	n
Tolerance=0.050000.
*Exact match for i=0 and j=11.
*i point 5.000000	45.000000	15.000000	50.000000	y
*Exact match for i=1 and j=10.
*i point 15.000000	50.000000	35.000000	50.000000	y
*Exact match for i=2 and j=9.
*i point 35.000000	50.000000	45.000000	45.000000	y
*Exact match for i=3 and j=8.
*i point 45.000000	45.000000	50.000000	35.000000	y
*Exact match for i=4 and j=7.
*i point 50.000000	35.000000	50.000000	15.000000	y
*Exact match for i=5 and j=6.
*i point 50.000000	15.000000	45.000000	5.000000	y
*Exact match for i=6 and j=7.
*i point 45.000000	5.000000	35.000000	0.000000	y
*Exact match for i=7 and j=8.
*i point 35.000000	0.000000	15.000000	0.000000	y
*Exact match for i=8 and j=9.
*i point 15.000000	0.000000	5.000000	5.000000	y
*Exact match for i=9 and j=10.
*i point 5.000000	5.000000	0.000000	15.000000	y
*Exact match for i=10 and j=11.
*i point 0.000000	15.000000	0.000000	35.000000	y
########### array after sorts ###########
0	5.000000	45.000000	15.000000	50.000000	y
1	15.000000	50.000000	35.000000	50.000000	y
2	35.000000	50.000000	45.000000	45.000000	y
3	45.000000	45.000000	50.000000	35.000000	y
4	50.000000	35.000000	50.000000	15.000000	y
5	50.000000	15.000000	45.000000	5.000000	y
6	45.000000	5.000000	35.000000	0.000000	y
7	35.000000	0.000000	15.000000	0.000000	y
8	15.000000	0.000000	5.000000	5.000000	y
9	5.000000	5.000000	0.000000	15.000000	y
10	0.000000	15.000000	0.000000	35.000000	y
11	0.000000	35.000000	5.000000	45.000000	y
***************
.BOARD_OUTLINE UNOWNED
1.6
0     5.000000     45.000000     0
0     15.000000     50.000000     0
0     35.000000     50.000000     0
0     45.000000     45.000000     0
0     50.000000     35.000000     0
0     50.000000     15.000000     0
0     45.000000     5.000000     0
0     35.000000     0.000000     0
0     15.000000     0.000000     0
0     5.000000     5.000000     0
0     0.000000     15.000000     0
0     0.000000     35.000000     0
0     5.000000     45.000000     0
